[2026-02-18T15:16:55.137485] subject API 失敗: Expecting value: line 1 column 1 (char 0)
[2026-02-18T15:24:05.553840] スレッド抽出失敗
[2026-02-18T15:38:13.101109] cg_grok: スレ取得失敗
[2026-02-18T15:38:16.618985] cg_comfyui: スレ取得失敗
[2026-02-18T15:38:20.840240] cg_ai_questions: スレ取得失敗
[2026-02-18T15:38:40.898749] liveuranus_nanj: HTTPSConnectionPool(host='r.jina.ai', port=443): Read timed out. (read timeout=20)
[2026-02-18T15:39:00.944637] jisaku_rtx: HTTPSConnectionPool(host='r.jina.ai', port=443): Read timed out. (read timeout=20)
[2026-02-18T15:43:10.111262] cg_grok: スレ取得失敗
[2026-02-18T15:43:10.527845] cg_comfyui: スレ取得失敗
[2026-02-18T15:43:10.841232] cg_ai_questions: スレ取得失敗
[2026-02-18T15:43:11.642082] liveuranus_nanj: 451 Client Error: Unavailable For Legal Reasons for url: https://r.jina.ai/https://fate.5ch.net/liveuranus/
[2026-02-18T15:43:12.126298] jisaku_rtx: スレ取得失敗
[2026-02-18T16:03:36.553848] cg_grok: スレ取得失敗
[2026-02-18T16:03:37.635142] cg_comfyui: スレ取得失敗
[2026-02-18T16:03:38.198005] cg_ai_questions: スレ取得失敗
[2026-02-18T16:03:38.388712] liveuranus_nanj: 451 Client Error: Unavailable For Legal Reasons for url: https://r.jina.ai/https://fate.5ch.net/liveuranus/
[2026-02-18T16:03:38.698640] jisaku_rtx: スレ取得失敗
[2026-02-18T18:00:26.257938] cg_grok: スレ取得失敗
[2026-02-18T18:00:27.073785] cg_comfyui: スレ取得失敗
[2026-02-18T18:00:27.670910] cg_ai_questions: スレ取得失敗
[2026-02-18T18:00:32.662579] liveuranus_nanj: スレ取得失敗
[2026-02-18T18:00:37.954649] jisaku_rtx: スレ取得失敗
[2026-02-18T21:03:22.959907] cg_grok: スレ取得失敗
[2026-02-18T21:03:24.137002] cg_comfyui: スレ取得失敗
[2026-02-18T21:03:25.029750] cg_ai_questions: スレ取得失敗
[2026-02-18T21:03:25.911092] liveuranus_nanj: スレ取得失敗
[2026-02-18T21:03:26.939862] jisaku_rtx: スレ取得失敗
[2026-02-18T23:04:23.419397] cg_grok: スレ取得失敗
[2026-02-18T23:04:24.136744] cg_comfyui: スレ取得失敗
[2026-02-18T23:04:24.860893] cg_ai_questions: スレ取得失敗
[2026-02-18T23:04:25.765356] liveuranus_nanj: スレ取得失敗
[2026-02-18T23:04:26.462542] jisaku_rtx: スレ取得失敗
[2026-02-19T05:14:45.814207] cg_grok: スレ取得失敗
[2026-02-19T05:14:46.654448] cg_comfyui: スレ取得失敗
[2026-02-19T05:14:56.827759] cg_ai_questions: スレ取得失敗
[2026-02-19T05:14:57.659819] liveuranus_nanj: スレ取得失敗
[2026-02-19T05:14:58.612903] jisaku_rtx: スレ取得失敗
[2026-02-19T08:02:22.250197] cg_grok: スレ取得失敗
[2026-02-19T08:02:22.963191] cg_comfyui: スレ取得失敗
[2026-02-19T08:02:23.784428] cg_ai_questions: スレ取得失敗
[2026-02-19T08:02:24.850898] liveuranus_nanj: スレ取得失敗
[2026-02-19T08:02:25.716056] jisaku_rtx: スレ取得失敗
[2026-02-19T11:26:47.080885] cg_grok: スレ取得失敗
[2026-02-19T11:26:47.728720] cg_comfyui: スレ取得失敗
[2026-02-19T11:26:48.668291] cg_ai_questions: スレ取得失敗
[2026-02-19T11:26:49.512286] liveuranus_nanj: スレ取得失敗
[2026-02-19T11:26:50.306185] jisaku_rtx: スレ取得失敗
[2026-02-19T14:42:23.620174] cg_grok: スレ取得失敗
[2026-02-19T14:42:24.215096] cg_comfyui: スレ取得失敗
[2026-02-19T14:42:24.867022] cg_ai_questions: スレ取得失敗
[2026-02-19T14:42:26.114262] liveuranus_nanj: スレ取得失敗
[2026-02-19T14:42:26.841915] jisaku_rtx: スレ取得失敗
[2026-02-19T18:03:50.402369] cg_grok: スレ取得失敗
[2026-02-19T18:03:51.445224] cg_comfyui: スレ取得失敗
[2026-02-19T18:03:52.193419] cg_ai_questions: スレ取得失敗
[2026-02-19T18:03:53.297645] liveuranus_nanj: スレ取得失敗
[2026-02-19T18:03:54.085986] jisaku_rtx: スレ取得失敗
[2026-02-19T20:03:32.089397] cg_grok: スレ取得失敗
[2026-02-19T20:03:32.626816] cg_comfyui: スレ取得失敗
[2026-02-19T20:03:33.188472] cg_ai_questions: スレ取得失敗
[2026-02-19T20:03:35.101120] liveuranus_nanj: スレ取得失敗
[2026-02-19T20:03:35.753976] jisaku_rtx: スレ取得失敗
[2026-02-19T22:01:16.676625] cg_grok: スレ取得失敗
[2026-02-19T22:01:17.312334] cg_comfyui: スレ取得失敗
[2026-02-19T22:01:18.034952] cg_ai_questions: スレ取得失敗
[2026-02-19T22:01:18.668398] liveuranus_nanj: スレ取得失敗
[2026-02-19T22:01:19.306769] jisaku_rtx: スレ取得失敗
[2026-02-19T23:57:17.600675] cg_grok: スレ取得失敗
[2026-02-19T23:57:18.163081] cg_comfyui: スレ取得失敗
[2026-02-19T23:57:18.871524] cg_ai_questions: スレ取得失敗
[2026-02-19T23:57:19.798553] liveuranus_nanj: スレ取得失敗
[2026-02-19T23:57:20.484298] jisaku_rtx: スレ取得失敗
[2026-02-20T05:08:56.217143] cg_grok: スレ取得失敗
[2026-02-20T05:08:57.103567] cg_comfyui: スレ取得失敗
[2026-02-20T05:08:57.742379] cg_ai_questions: スレ取得失敗
[2026-02-20T05:08:58.762247] liveuranus_nanj: スレ取得失敗
[2026-02-20T05:08:59.398682] jisaku_rtx: スレ取得失敗
[2026-02-20T08:00:34.059325] cg_grok: スレ取得失敗
[2026-02-20T08:00:34.664378] cg_comfyui: スレ取得失敗
[2026-02-20T08:00:35.149347] cg_ai_questions: スレ取得失敗
[2026-02-20T08:00:36.433910] liveuranus_nanj: スレ取得失敗
[2026-02-20T08:00:37.472616] jisaku_rtx: スレ取得失敗
[2026-02-20T11:04:29.582375] cg_grok: スレ取得失敗
[2026-02-20T11:04:30.247629] cg_comfyui: スレ取得失敗
[2026-02-20T11:04:30.783846] cg_ai_questions: スレ取得失敗
[2026-02-20T11:04:31.470160] liveuranus_nanj: スレ取得失敗
[2026-02-20T11:04:32.076347] jisaku_rtx: スレ取得失敗
[2026-02-20T14:26:37.671992] cg_grok: スレ取得失敗
[2026-02-20T14:26:38.395100] cg_comfyui: スレ取得失敗
[2026-02-20T14:26:38.997675] cg_ai_questions: スレ取得失敗
[2026-02-20T14:26:39.813014] liveuranus_nanj: スレ取得失敗
[2026-02-20T14:26:40.680682] jisaku_rtx: スレ取得失敗
[2026-02-20T17:09:31.686906] cg_grok: スレ取得失敗
[2026-02-20T17:09:32.329363] cg_comfyui: スレ取得失敗
[2026-02-20T17:09:35.677194] cg_ai_questions: スレ取得失敗
[2026-02-20T17:09:36.955299] liveuranus_nanj: スレ取得失敗
[2026-02-20T17:09:37.981657] jisaku_rtx: スレ取得失敗
[2026-02-20T19:49:30.353495] cg_grok: スレ取得失敗
[2026-02-20T19:49:30.912273] cg_comfyui: スレ取得失敗
[2026-02-20T19:49:31.657612] cg_ai_questions: スレ取得失敗
[2026-02-20T19:49:32.311715] liveuranus_nanj: スレ取得失敗
[2026-02-20T19:49:34.006997] jisaku_rtx: スレ取得失敗
[2026-02-20T20:57:52.888432] cg_grok: スレ取得失敗
[2026-02-20T20:57:53.459957] cg_comfyui: スレ取得失敗
[2026-02-20T20:57:54.333060] cg_ai_questions: スレ取得失敗
[2026-02-20T20:57:55.015829] liveuranus_nanj: スレ取得失敗
[2026-02-20T20:57:57.993867] jisaku_rtx: スレ取得失敗
[2026-02-20T21:53:08.381078] cg_grok: スレ取得失敗
[2026-02-20T21:53:09.051630] cg_comfyui: スレ取得失敗
[2026-02-20T21:53:09.705648] cg_ai_questions: スレ取得失敗
[2026-02-20T21:53:10.442221] liveuranus_nanj: スレ取得失敗
[2026-02-20T21:53:11.066140] jisaku_rtx: スレ取得失敗
[2026-02-20T23:00:56.729420] cg_grok: スレ取得失敗
[2026-02-20T23:00:57.376114] cg_comfyui: スレ取得失敗
[2026-02-20T23:00:58.051873] cg_ai_questions: スレ取得失敗
[2026-02-20T23:00:58.941697] liveuranus_nanj: スレ取得失敗
[2026-02-20T23:01:00.606556] jisaku_rtx: スレ取得失敗
[2026-02-21T04:53:53.618771] cg_grok: スレ取得失敗
[2026-02-21T04:53:54.188159] cg_comfyui: スレ取得失敗
[2026-02-21T04:53:54.902270] cg_ai_questions: スレ取得失敗
[2026-02-21T04:53:56.020811] liveuranus_nanj: スレ取得失敗
[2026-02-21T04:53:56.648255] jisaku_rtx: スレ取得失敗
[2026-02-21T07:08:59.044580] cg_grok: スレ取得失敗
[2026-02-21T07:08:59.605321] cg_comfyui: スレ取得失敗
[2026-02-21T07:09:00.157428] cg_ai_questions: スレ取得失敗
[2026-02-21T07:09:01.093176] liveuranus_nanj: スレ取得失敗
[2026-02-21T07:09:02.571924] jisaku_rtx: スレ取得失敗
[2026-02-21T09:01:34.194790] cg_grok: スレ取得失敗
[2026-02-21T09:01:34.870886] cg_comfyui: スレ取得失敗
[2026-02-21T09:01:35.540478] cg_ai_questions: スレ取得失敗
[2026-02-21T09:01:37.239794] liveuranus_nanj: スレ取得失敗
[2026-02-21T09:01:38.408557] jisaku_rtx: スレ取得失敗
[2026-02-21T10:56:43.042743] cg_grok: スレ取得失敗
[2026-02-21T10:56:43.658085] cg_comfyui: スレ取得失敗
[2026-02-21T10:56:44.331544] cg_ai_questions: スレ取得失敗
[2026-02-21T10:56:45.069090] liveuranus_nanj: スレ取得失敗
[2026-02-21T10:56:45.623929] jisaku_rtx: スレ取得失敗
[2026-02-21T11:45:18.344370] cg_grok: スレ取得失敗
[2026-02-21T11:45:19.161836] cg_comfyui: スレ取得失敗
[2026-02-21T11:45:19.780001] cg_ai_questions: スレ取得失敗
[2026-02-21T11:45:20.787258] liveuranus_nanj: スレ取得失敗
[2026-02-21T11:45:21.595439] jisaku_rtx: スレ取得失敗
[2026-02-21T13:55:08.227524] cg_grok: スレ取得失敗
[2026-02-21T13:55:08.869429] cg_comfyui: スレ取得失敗
[2026-02-21T13:55:09.516285] cg_ai_questions: スレ取得失敗
[2026-02-21T13:55:10.737078] liveuranus_nanj: スレ取得失敗
[2026-02-21T13:55:11.512524] jisaku_rtx: スレ取得失敗
[2026-02-21T14:56:15.760817] cg_grok: スレ取得失敗
[2026-02-21T14:56:16.582585] cg_comfyui: スレ取得失敗
[2026-02-21T14:56:17.098463] cg_ai_questions: スレ取得失敗
[2026-02-21T14:56:17.802195] liveuranus_nanj: スレ取得失敗
[2026-02-21T14:56:18.416840] jisaku_rtx: スレ取得失敗
[2026-02-21T15:51:33.533105] cg_grok: スレ取得失敗
[2026-02-21T15:51:34.285190] cg_comfyui: スレ取得失敗
[2026-02-21T15:51:35.009421] cg_ai_questions: スレ取得失敗
[2026-02-21T15:51:36.359790] liveuranus_nanj: スレ取得失敗
[2026-02-21T15:51:37.074105] jisaku_rtx: スレ取得失敗
[2026-02-21T16:59:48.848291] cg_grok: スレ取得失敗
[2026-02-21T16:59:49.398271] cg_comfyui: スレ取得失敗
[2026-02-21T16:59:50.062989] cg_ai_questions: スレ取得失敗
[2026-02-21T16:59:51.273311] liveuranus_nanj: スレ取得失敗
[2026-02-21T16:59:52.046432] jisaku_rtx: スレ取得失敗
[2026-02-21T17:54:26.815470] cg_grok: スレ取得失敗
[2026-02-21T17:54:27.480999] cg_comfyui: スレ取得失敗
[2026-02-21T17:54:28.179604] cg_ai_questions: スレ取得失敗
[2026-02-21T17:54:29.030824] liveuranus_nanj: スレ取得失敗
[2026-02-21T17:54:29.876197] jisaku_rtx: スレ取得失敗
[2026-02-21T19:05:16.203638] cg_grok: スレ取得失敗
[2026-02-21T19:05:16.884003] cg_comfyui: スレ取得失敗
[2026-02-21T19:05:17.480223] cg_ai_questions: スレ取得失敗
[2026-02-21T19:05:18.407854] liveuranus_nanj: スレ取得失敗
[2026-02-21T19:05:19.268062] jisaku_rtx: スレ取得失敗
[2026-02-21T20:52:26.588327] cg_grok: スレ取得失敗
[2026-02-21T20:52:27.230884] cg_comfyui: スレ取得失敗
[2026-02-21T20:52:28.087760] cg_ai_questions: スレ取得失敗
[2026-02-21T20:52:29.052100] liveuranus_nanj: スレ取得失敗
[2026-02-21T20:52:29.878484] jisaku_rtx: スレ取得失敗
[2026-02-21T21:48:37.500336] cg_grok: スレ取得失敗
[2026-02-21T21:48:38.061892] cg_comfyui: スレ取得失敗
[2026-02-21T21:48:38.684659] cg_ai_questions: スレ取得失敗
[2026-02-21T21:48:39.477903] liveuranus_nanj: スレ取得失敗
[2026-02-21T21:48:40.108296] jisaku_rtx: スレ取得失敗
[2026-02-21T22:55:18.676570] cg_grok: スレ取得失敗
[2026-02-21T22:55:19.371028] cg_comfyui: スレ取得失敗
[2026-02-21T22:55:20.022894] cg_ai_questions: スレ取得失敗
[2026-02-21T22:55:20.996027] liveuranus_nanj: スレ取得失敗
[2026-02-21T22:55:21.942878] jisaku_rtx: スレ取得失敗
[2026-02-21T23:48:47.456848] cg_grok: スレ取得失敗
[2026-02-21T23:48:48.241131] cg_comfyui: スレ取得失敗
[2026-02-21T23:48:49.400161] cg_ai_questions: スレ取得失敗
[2026-02-21T23:48:50.305266] liveuranus_nanj: スレ取得失敗
[2026-02-21T23:48:51.046328] jisaku_rtx: スレ取得失敗
[2026-02-22T05:13:19.393760] cg_grok: スレ取得失敗
[2026-02-22T05:13:20.031189] cg_comfyui: スレ取得失敗
[2026-02-22T05:13:20.728285] cg_ai_questions: スレ取得失敗
[2026-02-22T05:13:22.123524] liveuranus_nanj: スレ取得失敗
[2026-02-22T05:13:22.964701] jisaku_rtx: スレ取得失敗
[2026-02-22T07:54:04.740086] cg_grok: スレ取得失敗
[2026-02-22T07:54:05.327535] cg_comfyui: スレ取得失敗
[2026-02-22T07:54:06.104478] cg_ai_questions: スレ取得失敗
[2026-02-22T07:54:07.000446] liveuranus_nanj: スレ取得失敗
[2026-02-22T07:54:08.112675] jisaku_rtx: スレ取得失敗
[2026-02-22T09:02:01.583164] cg_grok: スレ取得失敗
[2026-02-22T09:02:02.109839] cg_comfyui: スレ取得失敗
[2026-02-22T09:02:02.633983] cg_ai_questions: スレ取得失敗
[2026-02-22T09:02:03.315076] liveuranus_nanj: スレ取得失敗
[2026-02-22T09:02:03.860099] jisaku_rtx: スレ取得失敗
[2026-02-22T10:56:11.886633] cg_grok: スレ取得失敗
[2026-02-22T10:56:13.112766] cg_comfyui: スレ取得失敗
[2026-02-22T10:56:13.703942] cg_ai_questions: スレ取得失敗
[2026-02-22T10:56:14.392520] liveuranus_nanj: スレ取得失敗
[2026-02-22T10:56:14.967369] jisaku_rtx: スレ取得失敗
[2026-02-22T11:44:39.512027] cg_grok: スレ取得失敗
[2026-02-22T11:44:40.099104] cg_comfyui: スレ取得失敗
[2026-02-22T11:44:40.599412] cg_ai_questions: スレ取得失敗
[2026-02-22T11:44:41.210640] liveuranus_nanj: スレ取得失敗
[2026-02-22T11:44:41.822794] jisaku_rtx: スレ取得失敗
[2026-02-22T13:55:14.377265] cg_grok: スレ取得失敗
[2026-02-22T13:55:15.070699] cg_comfyui: スレ取得失敗
[2026-02-22T13:55:15.801294] cg_ai_questions: スレ取得失敗
[2026-02-22T13:55:16.570755] liveuranus_nanj: スレ取得失敗
[2026-02-22T13:55:17.164757] jisaku_rtx: スレ取得失敗
[2026-02-22T14:58:19.716871] cg_grok: スレ取得失敗
[2026-02-22T14:58:20.363744] cg_comfyui: スレ取得失敗
[2026-02-22T14:58:21.255447] cg_ai_questions: スレ取得失敗
[2026-02-22T14:58:22.103512] liveuranus_nanj: スレ取得失敗
[2026-02-22T14:58:23.179054] jisaku_rtx: スレ取得失敗
[2026-02-22T15:53:07.336701] cg_grok: スレ取得失敗
[2026-02-22T15:53:08.001991] cg_comfyui: スレ取得失敗
[2026-02-22T15:53:08.638445] cg_ai_questions: スレ取得失敗
[2026-02-22T15:53:09.464411] liveuranus_nanj: スレ取得失敗
[2026-02-22T15:53:10.150722] jisaku_rtx: スレ取得失敗
[2026-02-22T17:01:12.816370] cg_grok: スレ取得失敗
[2026-02-22T17:01:13.789727] cg_comfyui: スレ取得失敗
[2026-02-22T17:01:14.445172] cg_ai_questions: スレ取得失敗
[2026-02-22T17:01:15.051338] liveuranus_nanj: スレ取得失敗
[2026-02-22T17:01:15.869502] jisaku_rtx: スレ取得失敗
[2026-02-22T19:05:32.963919] cg_grok: スレ取得失敗
[2026-02-22T19:05:33.592511] cg_comfyui: スレ取得失敗
[2026-02-22T19:05:34.137626] cg_ai_questions: スレ取得失敗
[2026-02-22T19:05:35.001801] liveuranus_nanj: スレ取得失敗
[2026-02-22T19:05:35.746265] jisaku_rtx: スレ取得失敗
[2026-02-22T20:55:21.830984] cg_grok: スレ取得失敗
[2026-02-22T20:55:22.524396] cg_comfyui: スレ取得失敗
[2026-02-22T20:55:23.190697] cg_ai_questions: スレ取得失敗
[2026-02-22T20:55:23.959679] liveuranus_nanj: スレ取得失敗
[2026-02-22T20:55:25.122330] jisaku_rtx: スレ取得失敗
[2026-02-22T21:51:09.025951] cg_grok: スレ取得失敗
[2026-02-22T21:51:09.634701] cg_comfyui: スレ取得失敗
[2026-02-22T21:51:10.205196] cg_ai_questions: スレ取得失敗
[2026-02-22T21:51:11.206446] liveuranus_nanj: スレ取得失敗
[2026-02-22T21:51:12.244605] jisaku_rtx: スレ取得失敗
[2026-02-22T22:57:05.479716] cg_grok: スレ取得失敗
[2026-02-22T22:57:06.076347] cg_comfyui: スレ取得失敗
[2026-02-22T22:57:06.723733] cg_ai_questions: スレ取得失敗
[2026-02-22T22:57:07.348983] liveuranus_nanj: スレ取得失敗
[2026-02-22T22:57:07.833715] jisaku_rtx: スレ取得失敗
[2026-02-22T23:55:02.752315] cg_grok: スレ取得失敗
[2026-02-22T23:55:03.317357] cg_comfyui: スレ取得失敗
[2026-02-22T23:55:03.957696] cg_ai_questions: スレ取得失敗
[2026-02-22T23:55:04.606508] liveuranus_nanj: スレ取得失敗
[2026-02-22T23:55:05.220182] jisaku_rtx: スレ取得失敗
[2026-02-23T05:23:40.613234] cg_grok: スレ取得失敗
[2026-02-23T05:23:41.327158] cg_comfyui: スレ取得失敗
[2026-02-23T05:23:44.441665] cg_ai_questions: スレ取得失敗
[2026-02-23T05:23:46.200817] liveuranus_nanj: スレ取得失敗
[2026-02-23T05:23:46.957204] jisaku_rtx: スレ取得失敗
[2026-02-23T08:06:14.987922] cg_grok: スレ取得失敗
[2026-02-23T08:06:15.591738] cg_comfyui: スレ取得失敗
[2026-02-23T08:06:16.203563] cg_ai_questions: スレ取得失敗
[2026-02-23T08:06:16.943920] liveuranus_nanj: スレ取得失敗
[2026-02-23T08:06:17.508659] jisaku_rtx: スレ取得失敗
[2026-02-23T11:27:45.632609] cg_grok: スレ取得失敗
[2026-02-23T11:27:46.275393] cg_comfyui: スレ取得失敗
[2026-02-23T11:27:46.856088] cg_ai_questions: スレ取得失敗
[2026-02-23T11:27:47.549172] liveuranus_nanj: スレ取得失敗
[2026-02-23T11:27:48.220815] jisaku_rtx: スレ取得失敗
[2026-02-23T14:38:10.667846] cg_grok: スレ取得失敗
[2026-02-23T14:38:11.397459] cg_comfyui: スレ取得失敗
[2026-02-23T14:38:14.019695] cg_ai_questions: スレ取得失敗
[2026-02-23T14:38:15.403729] liveuranus_nanj: スレ取得失敗
[2026-02-23T14:38:16.291153] jisaku_rtx: スレ取得失敗
[2026-02-23T18:14:40.096188] cg_grok: スレ取得失敗
[2026-02-23T18:14:40.769364] cg_comfyui: スレ取得失敗
[2026-02-23T18:14:41.638913] cg_ai_questions: スレ取得失敗
[2026-02-23T18:14:42.468416] liveuranus_nanj: スレ取得失敗
[2026-02-23T18:14:43.426149] jisaku_rtx: スレ取得失敗
[2026-02-23T21:30:03.127493] cg_grok: スレ取得失敗
[2026-02-23T21:30:03.798570] cg_comfyui: スレ取得失敗
[2026-02-23T21:30:04.535825] cg_ai_questions: スレ取得失敗
[2026-02-23T21:30:05.401023] liveuranus_nanj: スレ取得失敗
[2026-02-23T21:30:06.376779] jisaku_rtx: スレ取得失敗
[2026-02-23T23:47:59.356761] cg_grok: スレ取得失敗
[2026-02-23T23:48:00.150745] cg_comfyui: スレ取得失敗
[2026-02-23T23:48:01.605961] cg_ai_questions: スレ取得失敗
[2026-02-23T23:48:02.487357] liveuranus_nanj: スレ取得失敗
[2026-02-23T23:48:03.325957] jisaku_rtx: スレ取得失敗
[2026-02-24T05:14:33.267162] cg_grok: スレ取得失敗
[2026-02-24T05:14:33.905630] cg_comfyui: スレ取得失敗
[2026-02-24T05:14:34.784532] cg_ai_questions: スレ取得失敗
[2026-02-24T05:14:35.606878] liveuranus_nanj: スレ取得失敗
[2026-02-24T05:14:36.408042] jisaku_rtx: スレ取得失敗
[2026-02-24T08:05:07.469456] cg_grok: 451 Client Error: Unavailable For Legal Reasons for url: https://r.jina.ai/https://mevius.5ch.net/cg/
[2026-02-24T08:05:07.554294] cg_comfyui: 451 Client Error: Unavailable For Legal Reasons for url: https://r.jina.ai/https://mevius.5ch.net/cg/
[2026-02-24T08:05:07.637081] cg_ai_questions: 451 Client Error: Unavailable For Legal Reasons for url: https://r.jina.ai/https://mevius.5ch.net/cg/
[2026-02-24T08:05:08.482612] liveuranus_nanj: スレ取得失敗
[2026-02-24T08:05:09.460502] jisaku_rtx: スレ取得失敗
[2026-02-24T11:29:03.093222] cg_grok: スレ取得失敗
[2026-02-24T11:29:03.707056] cg_comfyui: スレ取得失敗
[2026-02-24T11:29:04.458478] cg_ai_questions: スレ取得失敗
[2026-02-24T11:29:05.352537] liveuranus_nanj: スレ取得失敗
[2026-02-24T11:29:06.264786] jisaku_rtx: スレ取得失敗
[2026-02-24T15:11:28.525235] cg_grok: スレ取得失敗
[2026-02-24T15:11:29.122350] cg_comfyui: スレ取得失敗
[2026-02-24T15:11:29.678121] cg_ai_questions: スレ取得失敗
[2026-02-24T15:11:30.354934] liveuranus_nanj: スレ取得失敗
[2026-02-24T15:11:30.941968] jisaku_rtx: スレ取得失敗
[2026-02-24T19:33:19.849214] cg_grok: スレ取得失敗
[2026-02-24T19:33:20.444409] cg_comfyui: スレ取得失敗
[2026-02-24T19:33:21.017154] cg_ai_questions: スレ取得失敗
[2026-02-24T19:33:21.887642] liveuranus_nanj: スレ取得失敗
[2026-02-24T19:33:22.703637] jisaku_rtx: スレ取得失敗
[2026-02-24T21:53:36.697884] cg_grok: スレ取得失敗
[2026-02-24T21:53:37.327476] cg_comfyui: スレ取得失敗
[2026-02-24T21:53:38.018693] cg_ai_questions: スレ取得失敗
[2026-02-24T21:53:38.860403] liveuranus_nanj: スレ取得失敗
[2026-02-24T21:53:39.838068] jisaku_rtx: スレ取得失敗
[2026-02-24T23:05:11.760727] cg_grok: スレ取得失敗
[2026-02-24T23:05:12.535577] cg_comfyui: スレ取得失敗
[2026-02-24T23:05:13.182036] cg_ai_questions: スレ取得失敗
[2026-02-24T23:05:14.122627] liveuranus_nanj: スレ取得失敗
[2026-02-24T23:05:14.937041] jisaku_rtx: スレ取得失敗
[2026-02-25T05:17:12.169630] cg_grok: スレ取得失敗
[2026-02-25T05:17:13.271654] cg_comfyui: スレ取得失敗
[2026-02-25T05:17:13.926739] cg_ai_questions: スレ取得失敗
[2026-02-25T05:17:14.574069] liveuranus_nanj: スレ取得失敗
[2026-02-25T05:17:15.137112] jisaku_rtx: スレ取得失敗
[2026-02-25T08:06:52.590792] cg_grok: スレ取得失敗
[2026-02-25T08:06:53.238066] cg_comfyui: スレ取得失敗
[2026-02-25T08:06:53.888105] cg_ai_questions: スレ取得失敗
[2026-02-25T08:06:55.567373] liveuranus_nanj: スレ取得失敗
[2026-02-25T08:06:56.395569] jisaku_rtx: スレ取得失敗
[2026-02-25T11:28:28.098246] cg_grok: スレ取得失敗
[2026-02-25T11:28:29.421119] cg_comfyui: スレ取得失敗
[2026-02-25T11:28:30.200090] cg_ai_questions: スレ取得失敗
[2026-02-25T11:28:31.052437] liveuranus_nanj: スレ取得失敗
[2026-02-25T11:28:31.753870] jisaku_rtx: スレ取得失敗
[2026-02-25T15:13:29.289823] cg_grok: スレ取得失敗
[2026-02-25T15:13:30.198780] cg_comfyui: スレ取得失敗
[2026-02-25T15:13:30.823404] cg_ai_questions: スレ取得失敗
[2026-02-25T15:13:31.585313] liveuranus_nanj: スレ取得失敗
[2026-02-25T15:13:32.380891] jisaku_rtx: スレ取得失敗
[2026-02-25T19:34:20.222179] cg_grok: スレ取得失敗
[2026-02-25T19:34:25.563382] cg_comfyui: スレ取得失敗
[2026-02-25T19:34:42.776383] cg_ai_questions: スレ取得失敗
[2026-02-25T19:35:02.827160] liveuranus_nanj: HTTPSConnectionPool(host='r.jina.ai', port=443): Read timed out. (read timeout=20)
[2026-02-25T19:35:07.661265] jisaku_rtx: スレ取得失敗
[2026-02-25T21:49:21.608824] cg_grok: スレ取得失敗
[2026-02-25T21:49:22.157920] cg_comfyui: スレ取得失敗
[2026-02-25T21:49:22.659035] cg_ai_questions: スレ取得失敗
[2026-02-25T21:49:34.805409] liveuranus_nanj: スレ取得失敗
[2026-02-25T21:49:35.669244] jisaku_rtx: スレ取得失敗
[2026-02-25T23:17:17.356661] cg_grok: 451 Client Error: Unavailable For Legal Reasons for url: https://r.jina.ai/https://mevius.5ch.net/cg/
[2026-02-25T23:17:17.607988] cg_comfyui: 451 Client Error: Unavailable For Legal Reasons for url: https://r.jina.ai/https://mevius.5ch.net/cg/
[2026-02-25T23:17:17.785894] cg_ai_questions: 451 Client Error: Unavailable For Legal Reasons for url: https://r.jina.ai/https://mevius.5ch.net/cg/
[2026-02-25T23:17:37.850419] liveuranus_nanj: HTTPSConnectionPool(host='r.jina.ai', port=443): Read timed out. (read timeout=20)
[2026-02-25T23:17:38.470069] jisaku_rtx: スレ取得失敗
[2026-02-26T05:12:31.617885] cg_grok: スレ取得失敗
[2026-02-26T05:12:39.228899] cg_comfyui: スレ取得失敗
[2026-02-26T05:12:40.239443] cg_ai_questions: スレ取得失敗
[2026-02-26T05:12:47.081821] liveuranus_nanj: スレ取得失敗
[2026-02-26T05:12:48.149520] jisaku_rtx: スレ取得失敗
[2026-02-26T08:03:31.227710] cg_grok: スレ取得失敗
[2026-02-26T08:03:32.614054] cg_comfyui: スレ取得失敗
[2026-02-26T08:03:33.165853] cg_ai_questions: スレ取得失敗
[2026-02-26T08:03:34.154953] liveuranus_nanj: スレ取得失敗
[2026-02-26T08:03:34.913094] jisaku_rtx: スレ取得失敗
[2026-02-26T11:27:51.302212] cg_grok: スレ取得失敗
[2026-02-26T11:27:52.186743] cg_comfyui: スレ取得失敗
[2026-02-26T11:27:53.140095] cg_ai_questions: スレ取得失敗
[2026-02-26T11:27:53.951318] liveuranus_nanj: スレ取得失敗
[2026-02-26T11:27:54.802205] jisaku_rtx: スレ取得失敗
[2026-02-26T14:41:40.292482] cg_grok: スレ取得失敗
[2026-02-26T14:41:40.789928] cg_comfyui: スレ取得失敗
[2026-02-26T14:41:41.355672] cg_ai_questions: スレ取得失敗
[2026-02-26T14:41:42.128630] liveuranus_nanj: スレ取得失敗
[2026-02-26T14:41:42.841936] jisaku_rtx: スレ取得失敗
[2026-02-26T18:04:46.529404] cg_grok: スレ取得失敗
[2026-02-26T18:04:47.216303] cg_comfyui: スレ取得失敗
[2026-02-26T18:04:48.261881] cg_ai_questions: スレ取得失敗
[2026-02-26T18:04:49.752440] liveuranus_nanj: スレ取得失敗
[2026-02-26T18:04:51.355920] jisaku_rtx: スレ取得失敗
[2026-02-26T21:00:25.614687] cg_grok: スレ取得失敗
[2026-02-26T21:00:26.331396] cg_comfyui: スレ取得失敗
[2026-02-26T21:00:27.073538] cg_ai_questions: スレ取得失敗
[2026-02-26T21:00:28.713490] liveuranus_nanj: スレ取得失敗
[2026-02-26T21:00:29.916420] jisaku_rtx: スレ取得失敗
[2026-02-26T23:04:19.933145] cg_grok: スレ取得失敗
[2026-02-26T23:04:20.992984] cg_comfyui: スレ取得失敗
[2026-02-26T23:04:21.725798] cg_ai_questions: スレ取得失敗
[2026-02-26T23:04:23.484297] liveuranus_nanj: スレ取得失敗
[2026-02-26T23:04:25.206694] jisaku_rtx: スレ取得失敗
[2026-02-27T05:06:30.763609] cg_grok: スレ取得失敗
[2026-02-27T05:06:31.461941] cg_comfyui: スレ取得失敗
[2026-02-27T05:06:32.172420] cg_ai_questions: スレ取得失敗
[2026-02-27T05:06:33.285783] liveuranus_nanj: スレ取得失敗
[2026-02-27T05:06:33.391091] jisaku_rtx: 451 Client Error: Unavailable For Legal Reasons for url: https://r.jina.ai/https://egg.5ch.net/jisaku/
[2026-02-27T08:00:33.252825] cg_grok: スレ取得失敗
[2026-02-27T08:00:35.830194] cg_comfyui: スレ取得失敗
[2026-02-27T08:00:38.561413] cg_ai_questions: スレ取得失敗
[2026-02-27T08:00:41.759223] liveuranus_nanj: スレ取得失敗
[2026-02-27T08:00:42.921919] jisaku_rtx: スレ取得失敗
[2026-02-27T11:05:43.522738] cg_grok: スレ取得失敗
[2026-02-27T11:05:44.357177] cg_comfyui: スレ取得失敗
[2026-02-27T11:05:45.072811] cg_ai_questions: スレ取得失敗
[2026-02-27T11:05:45.956405] liveuranus_nanj: スレ取得失敗
[2026-02-27T11:05:46.610473] jisaku_rtx: スレ取得失敗
[2026-02-27T14:10:32.988184] cg_grok: スレ取得失敗
[2026-02-27T14:10:33.617537] cg_comfyui: スレ取得失敗
[2026-02-27T14:10:34.252606] cg_ai_questions: スレ取得失敗
[2026-02-27T14:10:34.883079] liveuranus_nanj: スレ取得失敗
[2026-02-27T14:10:35.585956] jisaku_rtx: スレ取得失敗
[2026-02-27T17:00:34.418746] cg_grok: スレ取得失敗
[2026-02-27T17:00:34.940181] cg_comfyui: スレ取得失敗
[2026-02-27T17:00:35.440960] cg_ai_questions: スレ取得失敗
[2026-02-27T17:00:36.180153] liveuranus_nanj: スレ取得失敗
[2026-02-27T17:00:36.778371] jisaku_rtx: スレ取得失敗
[2026-02-27T19:48:40.134236] cg_grok: スレ取得失敗
[2026-02-27T19:48:41.506614] cg_comfyui: スレ取得失敗
[2026-02-27T19:48:42.217969] cg_ai_questions: スレ取得失敗
[2026-02-27T19:48:43.110066] liveuranus_nanj: スレ取得失敗
[2026-02-27T19:48:44.777283] jisaku_rtx: スレ取得失敗
[2026-02-27T20:58:36.297268] cg_grok: スレ取得失敗
[2026-02-27T20:58:36.942843] cg_comfyui: スレ取得失敗
[2026-02-27T20:58:37.522041] cg_ai_questions: スレ取得失敗
[2026-02-27T20:58:38.360687] liveuranus_nanj: スレ取得失敗
[2026-02-27T20:58:39.374452] jisaku_rtx: スレ取得失敗
[2026-02-27T21:55:53.923165] cg_grok: スレ取得失敗
[2026-02-27T21:55:54.515804] cg_comfyui: スレ取得失敗
[2026-02-27T21:55:55.016563] cg_ai_questions: スレ取得失敗
[2026-02-27T21:55:55.866022] liveuranus_nanj: スレ取得失敗
[2026-02-27T21:55:56.581438] jisaku_rtx: スレ取得失敗
[2026-02-27T22:54:29.430455] cg_grok: スレ取得失敗
[2026-02-27T22:54:30.050657] cg_comfyui: スレ取得失敗
[2026-02-27T22:54:30.601437] cg_ai_questions: スレ取得失敗
[2026-02-27T22:54:31.355751] liveuranus_nanj: スレ取得失敗
[2026-02-27T22:54:32.163148] jisaku_rtx: スレ取得失敗
[2026-02-27T23:49:23.921906] cg_grok: スレ取得失敗
[2026-02-27T23:49:24.472191] cg_comfyui: スレ取得失敗
[2026-02-27T23:49:25.052117] cg_ai_questions: スレ取得失敗
[2026-02-27T23:49:25.987821] liveuranus_nanj: スレ取得失敗
[2026-02-27T23:49:26.664232] jisaku_rtx: スレ取得失敗
[2026-02-28T04:35:59.055684] cg_grok: スレ取得失敗
[2026-02-28T04:35:59.731338] cg_comfyui: スレ取得失敗
[2026-02-28T04:36:00.374095] cg_ai_questions: スレ取得失敗
[2026-02-28T04:36:01.228735] liveuranus_nanj: スレ取得失敗
[2026-02-28T04:36:02.076160] jisaku_rtx: スレ取得失敗
[2026-02-28T05:59:06.482342] cg_grok: スレ取得失敗
[2026-02-28T05:59:07.120589] cg_comfyui: スレ取得失敗
[2026-02-28T05:59:07.767655] cg_ai_questions: スレ取得失敗
[2026-02-28T05:59:08.541097] liveuranus_nanj: スレ取得失敗
[2026-02-28T05:59:09.355984] jisaku_rtx: スレ取得失敗
[2026-02-28T07:16:35.302606] cg_grok: スレ取得失敗
[2026-02-28T07:16:36.338679] cg_comfyui: スレ取得失敗
[2026-02-28T07:16:37.049414] cg_ai_questions: スレ取得失敗
[2026-02-28T07:16:38.110030] liveuranus_nanj: スレ取得失敗
[2026-02-28T07:16:38.863223] jisaku_rtx: スレ取得失敗
[2026-02-28T08:56:28.570668] cg_grok: スレ取得失敗
[2026-02-28T08:56:29.262433] cg_comfyui: スレ取得失敗
[2026-02-28T08:56:30.023446] cg_ai_questions: スレ取得失敗
[2026-02-28T08:56:31.156349] liveuranus_nanj: スレ取得失敗
[2026-02-28T08:56:31.800300] jisaku_rtx: スレ取得失敗
[2026-02-28T09:50:13.759573] cg_grok: スレ取得失敗
[2026-02-28T09:50:14.416442] cg_comfyui: スレ取得失敗
[2026-02-28T09:50:14.985031] cg_ai_questions: スレ取得失敗
[2026-02-28T09:50:16.632439] liveuranus_nanj: スレ取得失敗
[2026-02-28T09:50:17.374933] jisaku_rtx: スレ取得失敗
[2026-02-28T10:50:13.224700] cg_grok: スレ取得失敗
[2026-02-28T10:50:14.119735] cg_comfyui: スレ取得失敗
[2026-02-28T10:50:14.649685] cg_ai_questions: スレ取得失敗
[2026-02-28T10:50:16.883543] liveuranus_nanj: スレ取得失敗
[2026-02-28T10:50:17.927798] jisaku_rtx: スレ取得失敗
[2026-02-28T11:36:21.292897] cg_grok: スレ取得失敗
[2026-02-28T11:36:22.460085] cg_comfyui: スレ取得失敗
[2026-02-28T11:36:23.143418] cg_ai_questions: スレ取得失敗
[2026-02-28T11:36:24.150368] liveuranus_nanj: スレ取得失敗
[2026-02-28T11:36:25.164520] jisaku_rtx: スレ取得失敗
[2026-02-28T13:49:08.219785] cg_grok: スレ取得失敗
[2026-02-28T13:49:08.971797] cg_comfyui: スレ取得失敗
[2026-02-28T13:49:09.687571] cg_ai_questions: スレ取得失敗
[2026-02-28T13:49:10.675628] liveuranus_nanj: スレ取得失敗
[2026-02-28T13:49:11.392953] jisaku_rtx: スレ取得失敗
[2026-02-28T14:48:41.134013] cg_grok: スレ取得失敗
[2026-02-28T14:48:41.800280] cg_comfyui: スレ取得失敗
[2026-02-28T14:48:42.345326] cg_ai_questions: スレ取得失敗
[2026-02-28T14:48:42.485458] liveuranus_nanj: 451 Client Error: Unavailable For Legal Reasons for url: https://r.jina.ai/https://fate.5ch.net/liveuranus/
[2026-02-28T14:48:43.126064] jisaku_rtx: スレ取得失敗
[2026-02-28T15:42:13.880343] cg_grok: スレ取得失敗
[2026-02-28T15:42:14.426091] cg_comfyui: スレ取得失敗
[2026-02-28T15:42:15.092878] cg_ai_questions: スレ取得失敗
[2026-02-28T15:42:15.943107] liveuranus_nanj: スレ取得失敗
[2026-02-28T15:42:16.623230] jisaku_rtx: スレ取得失敗
[2026-02-28T16:52:10.622414] cg_grok: スレ取得失敗
[2026-02-28T16:52:11.426967] cg_comfyui: スレ取得失敗
[2026-02-28T16:52:12.056369] cg_ai_questions: スレ取得失敗
[2026-02-28T16:52:13.031896] liveuranus_nanj: スレ取得失敗
[2026-02-28T16:52:13.844683] jisaku_rtx: スレ取得失敗
[2026-02-28T17:43:51.969735] cg_grok: スレ取得失敗
[2026-02-28T17:43:52.623715] cg_comfyui: スレ取得失敗
[2026-02-28T17:43:53.233967] cg_ai_questions: スレ取得失敗
[2026-02-28T17:43:53.962336] liveuranus_nanj: スレ取得失敗
[2026-02-28T17:43:54.636579] jisaku_rtx: スレ取得失敗
[2026-02-28T18:59:13.791496] cg_grok: スレ取得失敗
[2026-02-28T18:59:14.477313] cg_comfyui: スレ取得失敗
[2026-02-28T18:59:15.112066] cg_ai_questions: スレ取得失敗
[2026-02-28T18:59:15.847619] liveuranus_nanj: スレ取得失敗
[2026-02-28T18:59:16.610630] jisaku_rtx: スレ取得失敗
[2026-02-28T19:39:31.482518] cg_grok: スレ取得失敗
[2026-02-28T19:39:32.157573] cg_comfyui: スレ取得失敗
[2026-02-28T19:39:32.728512] cg_ai_questions: スレ取得失敗
[2026-02-28T19:39:33.398012] liveuranus_nanj: スレ取得失敗
[2026-02-28T19:39:34.481699] jisaku_rtx: スレ取得失敗
[2026-02-28T20:50:28.846196] cg_grok: スレ取得失敗
[2026-02-28T20:50:29.573887] cg_comfyui: スレ取得失敗
[2026-02-28T20:50:30.610811] cg_ai_questions: スレ取得失敗
[2026-02-28T20:50:31.408606] liveuranus_nanj: スレ取得失敗
[2026-02-28T20:50:32.274177] jisaku_rtx: スレ取得失敗
[2026-02-28T21:39:37.446063] cg_grok: スレ取得失敗
[2026-02-28T21:39:38.866827] cg_comfyui: スレ取得失敗
[2026-02-28T21:39:42.038627] cg_ai_questions: スレ取得失敗
[2026-02-28T21:39:43.570670] liveuranus_nanj: スレ取得失敗
[2026-02-28T21:39:44.219703] jisaku_rtx: スレ取得失敗
[2026-02-28T22:49:30.882824] cg_grok: 451 Client Error: Unavailable For Legal Reasons for url: https://r.jina.ai/https://mevius.5ch.net/cg/
[2026-02-28T22:49:30.990078] cg_comfyui: 451 Client Error: Unavailable For Legal Reasons for url: https://r.jina.ai/https://mevius.5ch.net/cg/
[2026-02-28T22:49:31.422178] cg_ai_questions: 451 Client Error: Unavailable For Legal Reasons for url: https://r.jina.ai/https://mevius.5ch.net/cg/
[2026-02-28T22:49:32.636381] liveuranus_nanj: スレ取得失敗
[2026-02-28T22:49:35.660243] jisaku_rtx: スレ取得失敗
[2026-02-28T23:41:06.347121] cg_grok: スレ取得失敗
[2026-02-28T23:41:07.334081] cg_comfyui: スレ取得失敗
[2026-02-28T23:41:08.081841] cg_ai_questions: スレ取得失敗
[2026-02-28T23:41:09.056846] liveuranus_nanj: スレ取得失敗
[2026-02-28T23:41:09.645045] jisaku_rtx: スレ取得失敗
[2026-03-01T05:11:36.490183] cg_grok: スレ取得失敗
[2026-03-01T05:11:37.183994] cg_comfyui: スレ取得失敗
[2026-03-01T05:11:37.826969] cg_ai_questions: スレ取得失敗
[2026-03-01T05:11:38.702571] liveuranus_nanj: スレ取得失敗
[2026-03-01T05:11:39.404453] jisaku_rtx: スレ取得失敗
[2026-03-01T07:48:07.345650] cg_grok: スレ取得失敗
[2026-03-01T07:48:07.977574] cg_comfyui: スレ取得失敗
[2026-03-01T07:48:09.414772] cg_ai_questions: スレ取得失敗
[2026-03-01T07:48:10.129801] liveuranus_nanj: スレ取得失敗
[2026-03-01T07:48:10.850639] jisaku_rtx: スレ取得失敗
[2026-03-01T08:59:57.394618] cg_grok: スレ取得失敗
[2026-03-01T08:59:58.206586] cg_comfyui: スレ取得失敗
[2026-03-01T08:59:58.859789] cg_ai_questions: スレ取得失敗
[2026-03-01T08:59:59.763745] liveuranus_nanj: スレ取得失敗
[2026-03-01T09:00:00.579983] jisaku_rtx: スレ取得失敗
[2026-03-01T09:54:48.043405] cg_grok: スレ取得失敗
[2026-03-01T09:54:48.592579] cg_comfyui: スレ取得失敗
[2026-03-01T09:54:49.183327] cg_ai_questions: スレ取得失敗
[2026-03-01T09:54:49.901004] liveuranus_nanj: スレ取得失敗
[2026-03-01T09:54:50.483689] jisaku_rtx: スレ取得失敗
[2026-03-01T10:54:00.598951] cg_grok: スレ取得失敗
[2026-03-01T10:54:01.546409] cg_comfyui: スレ取得失敗
[2026-03-01T10:54:02.167603] cg_ai_questions: スレ取得失敗
[2026-03-01T10:54:02.842189] liveuranus_nanj: スレ取得失敗
[2026-03-01T10:54:03.601431] jisaku_rtx: スレ取得失敗
[2026-03-01T11:39:07.699053] cg_grok: スレ取得失敗
[2026-03-01T11:39:08.416831] cg_comfyui: スレ取得失敗
[2026-03-01T11:39:09.103326] cg_ai_questions: スレ取得失敗
[2026-03-01T11:39:09.927449] liveuranus_nanj: スレ取得失敗
[2026-03-01T11:39:10.652627] jisaku_rtx: スレ取得失敗
[2026-03-01T13:51:21.881596] cg_grok: スレ取得失敗
[2026-03-01T13:51:32.023205] cg_comfyui: スレ取得失敗
[2026-03-01T13:51:32.750186] cg_ai_questions: スレ取得失敗
[2026-03-01T13:51:34.122725] liveuranus_nanj: スレ取得失敗
[2026-03-01T13:51:37.419242] jisaku_rtx: スレ取得失敗
[2026-03-01T14:52:35.977706] cg_grok: スレ取得失敗
[2026-03-01T14:52:36.799617] cg_comfyui: スレ取得失敗
[2026-03-01T14:52:37.362672] cg_ai_questions: スレ取得失敗
[2026-03-01T14:52:38.256681] liveuranus_nanj: スレ取得失敗
[2026-03-01T14:52:38.902455] jisaku_rtx: スレ取得失敗
[2026-03-01T15:46:47.105624] cg_grok: スレ取得失敗
[2026-03-01T15:46:47.631875] cg_comfyui: スレ取得失敗
[2026-03-01T15:46:48.208229] cg_ai_questions: スレ取得失敗
[2026-03-01T15:46:48.940082] liveuranus_nanj: スレ取得失敗
[2026-03-01T15:46:49.514313] jisaku_rtx: スレ取得失敗
[2026-03-01T16:55:25.155769] cg_grok: スレ取得失敗
[2026-03-01T16:55:25.795213] cg_comfyui: スレ取得失敗
[2026-03-01T16:55:26.680007] cg_ai_questions: スレ取得失敗
[2026-03-01T16:55:27.486908] liveuranus_nanj: スレ取得失敗
[2026-03-01T16:55:28.357909] jisaku_rtx: スレ取得失敗
[2026-03-01T17:49:12.200962] cg_grok: スレ取得失敗
[2026-03-01T17:49:12.701373] cg_comfyui: スレ取得失敗
[2026-03-01T17:49:13.584223] cg_ai_questions: スレ取得失敗
[2026-03-01T17:49:14.356224] liveuranus_nanj: スレ取得失敗
[2026-03-01T17:49:14.928914] jisaku_rtx: スレ取得失敗
[2026-03-01T19:01:02.881506] cg_grok: スレ取得失敗
[2026-03-01T19:01:03.520931] cg_comfyui: スレ取得失敗
[2026-03-01T19:01:04.033845] cg_ai_questions: スレ取得失敗
[2026-03-01T19:01:04.790992] liveuranus_nanj: スレ取得失敗
[2026-03-01T19:01:05.611119] jisaku_rtx: スレ取得失敗
[2026-03-01T20:53:37.897865] cg_grok: スレ取得失敗
[2026-03-01T20:53:38.571618] cg_comfyui: スレ取得失敗
[2026-03-01T20:53:39.246606] cg_ai_questions: スレ取得失敗
[2026-03-01T20:53:40.228187] liveuranus_nanj: スレ取得失敗
[2026-03-01T20:53:40.999792] jisaku_rtx: スレ取得失敗
[2026-03-01T21:44:17.189966] cg_grok: スレ取得失敗
[2026-03-01T21:44:17.712496] cg_comfyui: スレ取得失敗
[2026-03-01T21:44:19.223720] cg_ai_questions: スレ取得失敗
[2026-03-01T21:44:21.429472] liveuranus_nanj: スレ取得失敗
[2026-03-01T21:44:22.185530] jisaku_rtx: スレ取得失敗
[2026-03-01T22:53:36.332229] cg_grok: スレ取得失敗
[2026-03-01T22:53:36.980037] cg_comfyui: スレ取得失敗
[2026-03-01T22:53:37.769981] cg_ai_questions: スレ取得失敗
[2026-03-01T22:53:38.781307] liveuranus_nanj: スレ取得失敗
[2026-03-01T22:53:39.634147] jisaku_rtx: スレ取得失敗
[2026-03-01T23:47:48.731112] cg_grok: スレ取得失敗
[2026-03-01T23:47:49.256733] cg_comfyui: スレ取得失敗
[2026-03-01T23:47:49.760528] cg_ai_questions: スレ取得失敗
[2026-03-01T23:47:50.433700] liveuranus_nanj: スレ取得失敗
[2026-03-01T23:47:50.980408] jisaku_rtx: スレ取得失敗
[2026-03-02T05:07:34.938939] cg_grok: 451 Client Error: Unavailable For Legal Reasons for url: https://r.jina.ai/https://mevius.5ch.net/cg/
[2026-03-02T05:07:35.083208] cg_comfyui: 451 Client Error: Unavailable For Legal Reasons for url: https://r.jina.ai/https://mevius.5ch.net/cg/
[2026-03-02T05:07:35.243114] cg_ai_questions: 451 Client Error: Unavailable For Legal Reasons for url: https://r.jina.ai/https://mevius.5ch.net/cg/
[2026-03-02T05:07:36.167835] liveuranus_nanj: スレ取得失敗
[2026-03-02T05:07:37.061152] jisaku_rtx: スレ取得失敗
[2026-03-02T08:00:35.195985] cg_grok: スレ取得失敗
[2026-03-02T08:00:35.910364] cg_comfyui: スレ取得失敗
[2026-03-02T08:00:36.792581] cg_ai_questions: スレ取得失敗
[2026-03-02T08:00:37.743622] liveuranus_nanj: スレ取得失敗
[2026-03-02T08:00:38.336068] jisaku_rtx: スレ取得失敗
[2026-03-02T11:10:54.707589] cg_grok: スレ取得失敗
[2026-03-02T11:10:58.259859] cg_comfyui: スレ取得失敗
[2026-03-02T11:10:59.023868] cg_ai_questions: スレ取得失敗
[2026-03-02T11:11:00.014321] liveuranus_nanj: スレ取得失敗
[2026-03-02T11:11:01.046010] jisaku_rtx: スレ取得失敗
[2026-03-02T14:31:10.963294] cg_grok: スレ取得失敗
[2026-03-02T14:31:11.703475] cg_comfyui: スレ取得失敗
[2026-03-02T14:31:12.538164] cg_ai_questions: スレ取得失敗
[2026-03-02T14:31:13.535286] liveuranus_nanj: スレ取得失敗
[2026-03-02T14:31:14.753564] jisaku_rtx: スレ取得失敗
[2026-03-02T17:32:31.831351] cg_grok: スレ取得失敗
[2026-03-02T17:32:32.813767] cg_comfyui: スレ取得失敗
[2026-03-02T17:32:33.427608] cg_ai_questions: スレ取得失敗
[2026-03-02T17:32:34.676938] liveuranus_nanj: スレ取得失敗
[2026-03-02T17:32:35.469993] jisaku_rtx: スレ取得失敗
[2026-03-02T19:51:59.806053] cg_grok: スレ取得失敗
[2026-03-02T19:52:00.756265] cg_comfyui: スレ取得失敗
[2026-03-02T19:52:01.270740] cg_ai_questions: スレ取得失敗
[2026-03-02T19:52:02.084445] liveuranus_nanj: スレ取得失敗
[2026-03-02T19:52:02.627712] jisaku_rtx: スレ取得失敗
[2026-03-02T21:51:41.710359] cg_grok: スレ取得失敗
[2026-03-02T21:51:42.463859] cg_comfyui: スレ取得失敗
[2026-03-02T21:51:43.232734] cg_ai_questions: スレ取得失敗
[2026-03-02T21:51:44.241569] liveuranus_nanj: スレ取得失敗
[2026-03-02T21:51:45.339280] jisaku_rtx: スレ取得失敗
[2026-03-02T22:57:10.046659] cg_grok: スレ取得失敗
[2026-03-02T22:57:11.010211] cg_comfyui: スレ取得失敗
[2026-03-02T22:57:12.084272] cg_ai_questions: スレ取得失敗
[2026-03-02T22:57:13.139990] liveuranus_nanj: スレ取得失敗
[2026-03-02T22:57:13.991871] jisaku_rtx: スレ取得失敗
[2026-03-02T23:54:25.106259] cg_grok: スレ取得失敗
[2026-03-02T23:54:26.073402] cg_comfyui: スレ取得失敗
[2026-03-02T23:54:27.057529] cg_ai_questions: スレ取得失敗
[2026-03-02T23:54:27.881815] liveuranus_nanj: スレ取得失敗
[2026-03-02T23:54:28.640653] jisaku_rtx: スレ取得失敗
[2026-03-03T05:06:44.354143] cg_grok: スレ取得失敗
[2026-03-03T05:06:44.874149] cg_comfyui: スレ取得失敗
[2026-03-03T05:06:45.381104] cg_ai_questions: スレ取得失敗
[2026-03-03T05:06:46.086014] liveuranus_nanj: スレ取得失敗
[2026-03-03T05:06:46.792873] jisaku_rtx: スレ取得失敗
[2026-03-03T07:57:35.282891] cg_grok: スレ取得失敗
[2026-03-03T07:57:35.892546] cg_comfyui: スレ取得失敗
[2026-03-03T07:57:36.401881] cg_ai_questions: スレ取得失敗
[2026-03-03T07:57:37.122434] liveuranus_nanj: スレ取得失敗
[2026-03-03T07:57:37.698586] jisaku_rtx: スレ取得失敗
[2026-03-03T10:07:13.397669] cg_grok: スレ取得失敗
[2026-03-03T10:07:13.936034] cg_comfyui: スレ取得失敗
[2026-03-03T10:07:14.463521] cg_ai_questions: スレ取得失敗
[2026-03-03T10:07:15.306750] liveuranus_nanj: スレ取得失敗
[2026-03-03T10:07:15.869619] jisaku_rtx: スレ取得失敗
[2026-03-03T11:58:16.170445] cg_grok: スレ取得失敗
[2026-03-03T11:58:16.990844] cg_comfyui: スレ取得失敗
[2026-03-03T11:58:17.759811] cg_ai_questions: スレ取得失敗
[2026-03-03T11:58:18.766458] liveuranus_nanj: スレ取得失敗
[2026-03-03T11:58:19.717697] jisaku_rtx: スレ取得失敗
[2026-03-03T14:33:06.488420] cg_grok: スレ取得失敗
[2026-03-03T14:33:08.219601] cg_comfyui: スレ取得失敗
[2026-03-03T14:33:22.147339] cg_ai_questions: スレ取得失敗
[2026-03-03T14:33:23.019419] liveuranus_nanj: スレ取得失敗
[2026-03-03T14:33:23.877734] jisaku_rtx: スレ取得失敗
[2026-03-03T17:30:26.764206] cg_grok: スレ取得失敗
[2026-03-03T17:30:27.688629] cg_comfyui: スレ取得失敗
[2026-03-03T17:30:28.551631] cg_ai_questions: スレ取得失敗
[2026-03-03T17:30:30.461407] liveuranus_nanj: スレ取得失敗
[2026-03-03T17:30:31.334756] jisaku_rtx: スレ取得失敗
[2026-03-03T19:53:09.875790] cg_grok: スレ取得失敗
[2026-03-03T19:53:11.003693] cg_comfyui: スレ取得失敗
[2026-03-03T19:53:11.690811] cg_ai_questions: スレ取得失敗
[2026-03-03T19:53:12.540160] liveuranus_nanj: スレ取得失敗
[2026-03-03T19:53:13.351283] jisaku_rtx: スレ取得失敗
[2026-03-03T21:02:15.778919] cg_grok: スレ取得失敗
[2026-03-03T21:02:16.479542] cg_comfyui: スレ取得失敗
[2026-03-03T21:02:17.175935] cg_ai_questions: スレ取得失敗
[2026-03-03T21:02:18.211121] liveuranus_nanj: スレ取得失敗
[2026-03-03T21:02:18.977350] jisaku_rtx: スレ取得失敗
[2026-03-03T22:56:31.943057] cg_grok: スレ取得失敗
[2026-03-03T22:56:32.807703] cg_comfyui: スレ取得失敗
[2026-03-03T22:56:33.725474] cg_ai_questions: スレ取得失敗
[2026-03-03T22:56:34.588838] liveuranus_nanj: スレ取得失敗
[2026-03-03T22:56:35.703679] jisaku_rtx: スレ取得失敗
[2026-03-03T23:53:56.466841] cg_grok: スレ取得失敗
[2026-03-03T23:53:57.292610] cg_comfyui: スレ取得失敗
[2026-03-03T23:53:58.223800] cg_ai_questions: スレ取得失敗
[2026-03-03T23:53:59.129039] liveuranus_nanj: スレ取得失敗
[2026-03-03T23:53:59.893286] jisaku_rtx: スレ取得失敗
[2026-03-04T04:58:56.781078] cg_grok: スレ取得失敗
[2026-03-04T04:58:57.512504] cg_comfyui: スレ取得失敗
[2026-03-04T04:58:58.361556] cg_ai_questions: スレ取得失敗
[2026-03-04T04:58:59.898523] liveuranus_nanj: スレ取得失敗
[2026-03-04T04:59:00.748118] jisaku_rtx: スレ取得失敗
[2026-03-04T07:27:28.827767] cg_grok: スレ取得失敗
[2026-03-04T07:27:29.384988] cg_comfyui: スレ取得失敗
[2026-03-04T07:27:29.911115] cg_ai_questions: スレ取得失敗
[2026-03-04T07:27:30.660237] liveuranus_nanj: スレ取得失敗
[2026-03-04T07:27:31.209574] jisaku_rtx: スレ取得失敗
[2026-03-04T10:02:12.305179] cg_grok: スレ取得失敗
[2026-03-04T10:02:13.014496] cg_comfyui: スレ取得失敗
[2026-03-04T10:02:14.049472] cg_ai_questions: スレ取得失敗
[2026-03-04T10:02:15.686389] liveuranus_nanj: スレ取得失敗
[2026-03-04T10:02:16.406878] jisaku_rtx: スレ取得失敗
[2026-03-04T11:55:43.516342] cg_grok: スレ取得失敗
[2026-03-04T11:55:44.406973] cg_comfyui: スレ取得失敗
[2026-03-04T11:55:45.128351] cg_ai_questions: スレ取得失敗
[2026-03-04T11:55:46.183066] liveuranus_nanj: スレ取得失敗
[2026-03-04T11:55:46.830588] jisaku_rtx: スレ取得失敗
[2026-03-04T14:09:47.216188] cg_grok: スレ取得失敗
[2026-03-04T14:09:48.013606] cg_comfyui: スレ取得失敗
[2026-03-04T14:09:48.725007] cg_ai_questions: スレ取得失敗
[2026-03-04T14:09:49.867124] liveuranus_nanj: スレ取得失敗
[2026-03-04T14:09:52.134510] jisaku_rtx: スレ取得失敗
[2026-03-04T17:11:26.676962] cg_grok: スレ取得失敗
[2026-03-04T17:11:27.448772] cg_comfyui: スレ取得失敗
[2026-03-04T17:11:27.948336] cg_ai_questions: スレ取得失敗
[2026-03-04T17:11:28.726494] liveuranus_nanj: スレ取得失敗
[2026-03-04T17:11:29.290332] jisaku_rtx: スレ取得失敗
[2026-03-04T19:51:50.415591] cg_grok: スレ取得失敗
[2026-03-04T19:51:55.043145] cg_comfyui: スレ取得失敗
[2026-03-04T19:51:55.292038] cg_ai_questions: スレ取得失敗
[2026-03-04T19:51:56.294771] liveuranus_nanj: スレ取得失敗
[2026-03-04T19:52:01.206786] jisaku_rtx: スレ取得失敗
[2026-03-04T21:02:37.658060] cg_grok: スレ取得失敗
[2026-03-04T21:02:38.565553] cg_comfyui: スレ取得失敗
[2026-03-04T21:02:39.244539] cg_ai_questions: スレ取得失敗
[2026-03-04T21:02:40.253163] liveuranus_nanj: スレ取得失敗
[2026-03-04T21:02:44.076945] jisaku_rtx: スレ取得失敗
[2026-03-04T23:02:07.654988] cg_grok: スレ取得失敗
[2026-03-04T23:02:08.338254] cg_comfyui: スレ取得失敗
[2026-03-04T23:02:08.937814] cg_ai_questions: スレ取得失敗
[2026-03-04T23:02:09.830796] liveuranus_nanj: スレ取得失敗
[2026-03-04T23:02:10.964196] jisaku_rtx: スレ取得失敗
[2026-03-05T05:05:20.517273] cg_grok: スレ取得失敗
[2026-03-05T05:05:21.076039] cg_comfyui: スレ取得失敗
[2026-03-05T05:05:21.674558] cg_ai_questions: スレ取得失敗
[2026-03-05T05:05:22.492000] liveuranus_nanj: スレ取得失敗
[2026-03-05T05:05:23.070487] jisaku_rtx: スレ取得失敗
[2026-03-05T07:56:32.058745] cg_grok: スレ取得失敗
[2026-03-05T07:56:32.608059] cg_comfyui: スレ取得失敗
[2026-03-05T07:56:33.158588] cg_ai_questions: スレ取得失敗
[2026-03-05T07:56:39.773811] liveuranus_nanj: スレ取得失敗
[2026-03-05T07:56:40.491460] jisaku_rtx: スレ取得失敗
[2026-03-05T10:08:54.933530] cg_grok: スレ取得失敗
[2026-03-05T10:08:55.969014] cg_comfyui: スレ取得失敗
[2026-03-05T10:08:56.588431] cg_ai_questions: スレ取得失敗
[2026-03-05T10:09:03.726397] liveuranus_nanj: スレ取得失敗
[2026-03-05T10:09:04.476625] jisaku_rtx: スレ取得失敗
[2026-03-05T12:00:22.396093] cg_grok: スレ取得失敗
[2026-03-05T12:00:23.149194] cg_comfyui: スレ取得失敗
[2026-03-05T12:00:23.767304] cg_ai_questions: スレ取得失敗
[2026-03-05T12:00:25.415970] liveuranus_nanj: スレ取得失敗
[2026-03-05T12:00:26.459532] jisaku_rtx: スレ取得失敗
[2026-03-05T15:36:28.305286] cg_grok: スレ取得失敗
[2026-03-05T15:36:28.950947] cg_comfyui: スレ取得失敗
[2026-03-05T15:36:30.201094] cg_ai_questions: スレ取得失敗
[2026-03-05T15:36:31.866003] liveuranus_nanj: スレ取得失敗
[2026-03-05T15:36:32.643048] jisaku_rtx: スレ取得失敗
[2026-03-05T19:46:09.896021] cg_grok: スレ取得失敗
[2026-03-05T19:46:10.363188] cg_comfyui: スレ取得失敗
[2026-03-05T19:46:10.789303] cg_ai_questions: スレ取得失敗
[2026-03-05T19:46:12.087713] liveuranus_nanj: スレ取得失敗
[2026-03-05T19:46:12.672715] jisaku_rtx: スレ取得失敗
[2026-03-05T21:52:50.161109] cg_grok: スレ取得失敗
[2026-03-05T21:52:51.379706] cg_comfyui: スレ取得失敗
[2026-03-05T21:52:51.796162] cg_ai_questions: スレ取得失敗
[2026-03-05T21:52:52.930703] liveuranus_nanj: スレ取得失敗
[2026-03-05T21:52:53.835466] jisaku_rtx: スレ取得失敗
[2026-03-06T00:01:42.674444] cg_grok: スレ取得失敗
[2026-03-06T00:01:43.288139] cg_comfyui: スレ取得失敗
[2026-03-06T00:01:43.764424] cg_ai_questions: スレ取得失敗
[2026-03-06T00:01:44.872839] liveuranus_nanj: スレ取得失敗
[2026-03-06T00:01:45.841891] jisaku_rtx: スレ取得失敗
[2026-03-06T05:13:26.571776] cg_grok: スレ取得失敗
[2026-03-06T05:13:27.234953] cg_comfyui: スレ取得失敗
[2026-03-06T05:13:27.499026] cg_ai_questions: スレ取得失敗
[2026-03-06T05:13:28.426245] liveuranus_nanj: スレ取得失敗
[2026-03-06T05:13:29.592558] jisaku_rtx: スレ取得失敗
[2026-03-06T07:53:52.647864] cg_grok: スレ取得失敗
[2026-03-06T07:53:53.479638] cg_comfyui: スレ取得失敗
[2026-03-06T07:53:53.977076] cg_ai_questions: スレ取得失敗
[2026-03-06T07:53:54.898458] liveuranus_nanj: スレ取得失敗
[2026-03-06T07:53:55.692387] jisaku_rtx: スレ取得失敗
[2026-03-06T09:58:34.270513] cg_grok: スレ取得失敗
[2026-03-06T09:58:35.087965] cg_comfyui: スレ取得失敗
[2026-03-06T09:58:35.628033] cg_ai_questions: スレ取得失敗
[2026-03-06T09:58:55.704494] liveuranus_nanj: HTTPSConnectionPool(host='r.jina.ai', port=443): Read timed out. (read timeout=20)
[2026-03-06T09:59:15.775998] jisaku_rtx: HTTPSConnectionPool(host='r.jina.ai', port=443): Read timed out. (read timeout=20)
[2026-03-06T11:43:52.984316] cg_grok: スレ取得失敗
[2026-03-06T11:43:54.465818] cg_comfyui: スレ取得失敗
[2026-03-06T11:43:54.862633] cg_ai_questions: スレ取得失敗
[2026-03-06T11:43:56.056778] liveuranus_nanj: スレ取得失敗
[2026-03-06T11:43:57.239422] jisaku_rtx: スレ取得失敗
[2026-03-06T14:06:28.725334] cg_grok: スレ取得失敗
[2026-03-06T14:06:29.284849] cg_comfyui: スレ取得失敗
[2026-03-06T14:06:29.667109] cg_ai_questions: スレ取得失敗
[2026-03-06T14:06:30.944138] liveuranus_nanj: スレ取得失敗
[2026-03-06T14:06:32.090454] jisaku_rtx: スレ取得失敗
[2026-03-06T17:06:16.249437] cg_grok: スレ取得失敗
[2026-03-06T17:06:17.087798] cg_comfyui: スレ取得失敗
[2026-03-06T17:06:17.528460] cg_ai_questions: スレ取得失敗
[2026-03-06T17:06:18.577409] liveuranus_nanj: スレ取得失敗
[2026-03-06T17:06:19.832926] jisaku_rtx: スレ取得失敗
[2026-03-06T19:49:25.689341] cg_grok: スレ取得失敗
[2026-03-06T19:49:27.016984] cg_comfyui: スレ取得失敗
[2026-03-06T19:49:27.612546] cg_ai_questions: スレ取得失敗
[2026-03-06T19:49:28.778560] liveuranus_nanj: スレ取得失敗
[2026-03-06T19:49:30.028685] jisaku_rtx: スレ取得失敗
[2026-03-06T20:59:59.788632] cg_grok: スレ取得失敗
[2026-03-06T21:00:00.831995] cg_comfyui: スレ取得失敗
[2026-03-06T21:00:01.343212] cg_ai_questions: スレ取得失敗
[2026-03-06T21:00:02.605924] liveuranus_nanj: スレ取得失敗
[2026-03-06T21:00:03.579606] jisaku_rtx: スレ取得失敗
[2026-03-06T21:56:18.402183] cg_grok: スレ取得失敗
[2026-03-06T21:56:19.112517] cg_comfyui: スレ取得失敗
[2026-03-06T21:56:19.816983] cg_ai_questions: スレ取得失敗
[2026-03-06T21:56:21.387406] liveuranus_nanj: スレ取得失敗
[2026-03-06T21:56:21.872235] jisaku_rtx: スレ取得失敗
[2026-03-06T23:00:09.377389] cg_grok: スレ取得失敗
[2026-03-06T23:00:11.172135] cg_comfyui: スレ取得失敗
[2026-03-06T23:00:11.753691] cg_ai_questions: スレ取得失敗
[2026-03-06T23:00:12.740041] liveuranus_nanj: スレ取得失敗
[2026-03-06T23:00:14.287339] jisaku_rtx: スレ取得失敗
[2026-03-06T23:53:57.233206] cg_grok: スレ取得失敗
[2026-03-06T23:53:57.667886] cg_comfyui: スレ取得失敗
[2026-03-06T23:53:58.052404] cg_ai_questions: スレ取得失敗
[2026-03-06T23:53:58.910860] liveuranus_nanj: スレ取得失敗
[2026-03-06T23:53:59.314160] jisaku_rtx: スレ取得失敗
[2026-03-07T04:47:46.329585] cg_grok: スレ取得失敗
[2026-03-07T04:47:46.772504] cg_comfyui: スレ取得失敗
[2026-03-07T04:47:47.074792] cg_ai_questions: スレ取得失敗
[2026-03-07T04:47:48.081842] liveuranus_nanj: スレ取得失敗
[2026-03-07T04:47:48.983657] jisaku_rtx: スレ取得失敗
[2026-03-07T06:02:57.983530] cg_grok: スレ取得失敗
[2026-03-07T06:02:59.643229] cg_comfyui: スレ取得失敗
[2026-03-07T06:02:59.995391] cg_ai_questions: スレ取得失敗
[2026-03-07T06:03:00.792157] liveuranus_nanj: スレ取得失敗
[2026-03-07T06:03:01.574502] jisaku_rtx: スレ取得失敗
[2026-03-07T07:51:23.966557] cg_grok: スレ取得失敗
[2026-03-07T07:51:24.769793] cg_comfyui: スレ取得失敗
[2026-03-07T07:51:25.226295] cg_ai_questions: スレ取得失敗
[2026-03-07T07:51:26.204361] liveuranus_nanj: スレ取得失敗
[2026-03-07T07:51:27.077267] jisaku_rtx: スレ取得失敗
[2026-03-07T08:59:31.402593] cg_grok: スレ取得失敗
[2026-03-07T08:59:32.437681] cg_comfyui: スレ取得失敗
[2026-03-07T08:59:32.783522] cg_ai_questions: スレ取得失敗
[2026-03-07T08:59:33.938973] liveuranus_nanj: スレ取得失敗
[2026-03-07T08:59:34.779549] jisaku_rtx: スレ取得失敗
[2026-03-07T09:53:47.848444] cg_grok: スレ取得失敗
[2026-03-07T09:53:48.260975] cg_comfyui: スレ取得失敗
[2026-03-07T09:53:48.740561] cg_ai_questions: スレ取得失敗
[2026-03-07T09:53:49.342893] liveuranus_nanj: スレ取得失敗
[2026-03-07T09:53:49.832265] jisaku_rtx: スレ取得失敗
[2026-03-07T10:51:49.977759] cg_grok: スレ取得失敗
[2026-03-07T10:51:50.478827] cg_comfyui: スレ取得失敗
[2026-03-07T10:51:50.809329] cg_ai_questions: スレ取得失敗
[2026-03-07T10:51:51.718755] liveuranus_nanj: スレ取得失敗
[2026-03-07T10:51:52.488529] jisaku_rtx: スレ取得失敗
[2026-03-07T11:39:27.559469] cg_grok: スレ取得失敗
[2026-03-07T11:39:30.087393] cg_comfyui: スレ取得失敗
[2026-03-07T11:39:30.581108] cg_ai_questions: スレ取得失敗
[2026-03-07T11:39:32.073677] liveuranus_nanj: スレ取得失敗
[2026-03-07T11:39:32.572870] jisaku_rtx: スレ取得失敗
[2026-03-07T13:50:50.532472] cg_grok: スレ取得失敗
[2026-03-07T13:50:50.945528] cg_comfyui: スレ取得失敗
[2026-03-07T13:50:51.358954] cg_ai_questions: スレ取得失敗
[2026-03-07T13:50:55.969151] liveuranus_nanj: スレ取得失敗
[2026-03-07T13:50:57.328663] jisaku_rtx: スレ取得失敗
[2026-03-07T14:52:17.512826] cg_grok: スレ取得失敗
[2026-03-07T14:52:18.289921] cg_comfyui: スレ取得失敗
[2026-03-07T14:52:19.744692] cg_ai_questions: スレ取得失敗
[2026-03-07T14:52:20.725593] liveuranus_nanj: スレ取得失敗
[2026-03-07T14:52:21.795822] jisaku_rtx: スレ取得失敗
[2026-03-07T15:46:27.381774] cg_grok: スレ取得失敗
[2026-03-07T15:46:27.886425] cg_comfyui: スレ取得失敗
[2026-03-07T15:46:28.402808] cg_ai_questions: スレ取得失敗
[2026-03-07T15:46:29.071665] liveuranus_nanj: スレ取得失敗
[2026-03-07T15:46:30.086132] jisaku_rtx: スレ取得失敗
[2026-03-07T16:54:24.141029] cg_grok: HTTPSConnectionPool(host='r.jina.ai', port=443): Read timed out. (read timeout=20)
[2026-03-07T16:54:25.137329] cg_comfyui: スレ取得失敗
[2026-03-07T16:54:25.642021] cg_ai_questions: スレ取得失敗
[2026-03-07T16:54:27.161649] liveuranus_nanj: スレ取得失敗
[2026-03-07T16:54:28.140512] jisaku_rtx: スレ取得失敗
[2026-03-07T17:47:18.578109] cg_grok: スレ取得失敗
[2026-03-07T17:47:19.209554] cg_comfyui: スレ取得失敗
[2026-03-07T17:47:19.587539] cg_ai_questions: スレ取得失敗
[2026-03-07T17:47:20.911555] liveuranus_nanj: スレ取得失敗
[2026-03-07T17:47:21.532717] jisaku_rtx: スレ取得失敗
[2026-03-07T19:00:05.849812] cg_grok: スレ取得失敗
[2026-03-07T19:00:06.643264] cg_comfyui: スレ取得失敗
[2026-03-07T19:00:07.052337] cg_ai_questions: スレ取得失敗
[2026-03-07T19:00:07.972987] liveuranus_nanj: スレ取得失敗
[2026-03-07T19:00:09.255927] jisaku_rtx: スレ取得失敗
[2026-03-07T19:43:01.796151] cg_grok: スレ取得失敗
[2026-03-07T19:43:02.295808] cg_comfyui: スレ取得失敗
[2026-03-07T19:43:02.903374] cg_ai_questions: スレ取得失敗
[2026-03-07T19:43:03.581223] liveuranus_nanj: スレ取得失敗
[2026-03-07T19:43:04.221693] jisaku_rtx: スレ取得失敗
[2026-03-07T20:51:30.205768] cg_grok: スレ取得失敗
[2026-03-07T20:51:31.275333] cg_comfyui: スレ取得失敗
[2026-03-07T20:51:31.673143] cg_ai_questions: スレ取得失敗
[2026-03-07T20:51:32.876915] liveuranus_nanj: スレ取得失敗
[2026-03-07T20:51:34.056318] jisaku_rtx: スレ取得失敗
[2026-03-07T21:40:26.398817] cg_grok: スレ取得失敗
[2026-03-07T21:40:26.720817] cg_comfyui: スレ取得失敗
[2026-03-07T21:40:27.026024] cg_ai_questions: スレ取得失敗
[2026-03-07T21:40:27.424213] liveuranus_nanj: スレ取得失敗
[2026-03-07T21:40:27.881730] jisaku_rtx: スレ取得失敗
[2026-03-07T22:52:01.630580] cg_grok: スレ取得失敗
[2026-03-07T22:52:02.769263] cg_comfyui: スレ取得失敗
[2026-03-07T22:52:03.170685] cg_ai_questions: スレ取得失敗
[2026-03-07T22:52:04.293328] liveuranus_nanj: スレ取得失敗
[2026-03-07T22:52:05.432942] jisaku_rtx: スレ取得失敗
[2026-03-07T23:44:49.023385] cg_grok: スレ取得失敗
[2026-03-07T23:44:49.423353] cg_comfyui: スレ取得失敗
[2026-03-07T23:44:49.863080] cg_ai_questions: スレ取得失敗
[2026-03-07T23:44:50.369924] liveuranus_nanj: スレ取得失敗
[2026-03-07T23:44:51.048168] jisaku_rtx: スレ取得失敗
[2026-03-08T05:01:58.027470] cg_grok: スレ取得失敗
[2026-03-08T05:01:59.071235] cg_comfyui: スレ取得失敗
[2026-03-08T05:01:59.558854] cg_ai_questions: スレ取得失敗
[2026-03-08T05:02:00.723630] liveuranus_nanj: スレ取得失敗
[2026-03-08T05:02:02.790582] jisaku_rtx: スレ取得失敗
[2026-03-08T07:43:41.815814] cg_grok: スレ取得失敗
[2026-03-08T07:43:42.813707] cg_comfyui: スレ取得失敗
[2026-03-08T07:43:43.171966] cg_ai_questions: スレ取得失敗
[2026-03-08T07:43:44.515305] liveuranus_nanj: スレ取得失敗
[2026-03-08T07:43:45.246222] jisaku_rtx: スレ取得失敗
[2026-03-08T08:59:47.085231] cg_grok: スレ取得失敗
[2026-03-08T08:59:47.820232] cg_comfyui: スレ取得失敗
[2026-03-08T08:59:48.029288] cg_ai_questions: スレ取得失敗
[2026-03-08T08:59:48.856976] liveuranus_nanj: スレ取得失敗
[2026-03-08T08:59:49.685322] jisaku_rtx: スレ取得失敗
[2026-03-08T09:55:17.561238] cg_grok: スレ取得失敗
[2026-03-08T09:55:17.968019] cg_comfyui: スレ取得失敗
[2026-03-08T09:55:19.239437] cg_ai_questions: スレ取得失敗
[2026-03-08T09:55:19.698547] liveuranus_nanj: スレ取得失敗
[2026-03-08T09:55:20.247361] jisaku_rtx: スレ取得失敗
[2026-03-08T10:53:59.259355] cg_grok: スレ取得失敗
[2026-03-08T10:54:01.026894] cg_comfyui: スレ取得失敗
[2026-03-08T10:54:01.352849] cg_ai_questions: スレ取得失敗
[2026-03-08T10:54:02.509214] liveuranus_nanj: スレ取得失敗
[2026-03-08T10:54:04.027750] jisaku_rtx: スレ取得失敗
[2026-03-08T11:41:42.693288] cg_grok: スレ取得失敗
[2026-03-08T11:41:43.078199] cg_comfyui: スレ取得失敗
[2026-03-08T11:41:43.566329] cg_ai_questions: スレ取得失敗
[2026-03-08T11:41:43.954046] liveuranus_nanj: スレ取得失敗
[2026-03-08T11:41:44.282963] jisaku_rtx: スレ取得失敗
[2026-03-08T13:51:35.711633] cg_grok: スレ取得失敗
[2026-03-08T13:51:36.578106] cg_comfyui: スレ取得失敗
[2026-03-08T13:51:36.923705] cg_ai_questions: スレ取得失敗
[2026-03-08T13:51:37.771559] liveuranus_nanj: スレ取得失敗
[2026-03-08T13:51:38.575109] jisaku_rtx: スレ取得失敗
[2026-03-08T14:53:39.664399] cg_grok: スレ取得失敗
[2026-03-08T14:53:40.420464] cg_comfyui: スレ取得失敗
[2026-03-08T14:53:41.219164] cg_ai_questions: スレ取得失敗
[2026-03-08T14:53:42.119953] liveuranus_nanj: スレ取得失敗
[2026-03-08T14:53:44.258698] jisaku_rtx: スレ取得失敗
[2026-03-08T15:47:31.003090] cg_grok: スレ取得失敗
[2026-03-08T15:47:31.339828] cg_comfyui: スレ取得失敗
[2026-03-08T15:47:31.675505] cg_ai_questions: スレ取得失敗
[2026-03-08T15:47:32.128897] liveuranus_nanj: スレ取得失敗
[2026-03-08T15:47:32.578081] jisaku_rtx: スレ取得失敗
[2026-03-08T16:56:39.588896] cg_grok: スレ取得失敗
[2026-03-08T16:56:39.993101] cg_comfyui: スレ取得失敗
[2026-03-08T16:56:40.313327] cg_ai_questions: スレ取得失敗
[2026-03-08T16:56:41.436242] liveuranus_nanj: スレ取得失敗
[2026-03-08T16:56:43.392468] jisaku_rtx: スレ取得失敗
[2026-03-08T17:51:12.595803] cg_grok: スレ取得失敗
[2026-03-08T17:51:13.123342] cg_comfyui: スレ取得失敗
[2026-03-08T17:51:13.645763] cg_ai_questions: スレ取得失敗
[2026-03-08T17:51:14.226137] liveuranus_nanj: スレ取得失敗
[2026-03-08T17:51:14.764428] jisaku_rtx: スレ取得失敗
[2026-03-08T19:02:25.632626] cg_grok: スレ取得失敗
[2026-03-08T19:02:26.130992] cg_comfyui: スレ取得失敗
[2026-03-08T19:02:26.742099] cg_ai_questions: スレ取得失敗
[2026-03-08T19:02:27.742179] liveuranus_nanj: スレ取得失敗
[2026-03-08T19:02:29.298730] jisaku_rtx: スレ取得失敗
[2026-03-08T20:53:25.009217] cg_grok: スレ取得失敗
[2026-03-08T20:53:26.181075] cg_comfyui: スレ取得失敗
[2026-03-08T20:53:26.598054] cg_ai_questions: スレ取得失敗
[2026-03-08T20:53:27.838946] liveuranus_nanj: スレ取得失敗
[2026-03-08T20:53:28.860752] jisaku_rtx: スレ取得失敗
[2026-03-08T21:47:10.332536] cg_grok: スレ取得失敗
[2026-03-08T21:47:11.074595] cg_comfyui: スレ取得失敗
[2026-03-08T21:47:11.407251] cg_ai_questions: スレ取得失敗
[2026-03-08T21:47:12.009867] liveuranus_nanj: スレ取得失敗
[2026-03-08T21:47:12.474745] jisaku_rtx: スレ取得失敗
[2026-03-08T22:53:36.869831] cg_grok: スレ取得失敗
[2026-03-08T22:53:37.787834] cg_comfyui: スレ取得失敗
[2026-03-08T22:53:38.154428] cg_ai_questions: スレ取得失敗
[2026-03-08T22:53:39.206650] liveuranus_nanj: スレ取得失敗
[2026-03-08T22:53:40.124721] jisaku_rtx: スレ取得失敗
[2026-03-08T23:49:05.532422] cg_grok: スレ取得失敗
[2026-03-08T23:49:06.225210] cg_comfyui: スレ取得失敗
[2026-03-08T23:49:06.517013] cg_ai_questions: スレ取得失敗
[2026-03-08T23:49:07.251744] liveuranus_nanj: スレ取得失敗
[2026-03-08T23:49:07.703904] jisaku_rtx: スレ取得失敗
[2026-03-09T05:12:18.959183] cg_grok: スレ取得失敗
[2026-03-09T05:12:19.539886] cg_comfyui: スレ取得失敗
[2026-03-09T05:12:20.039180] cg_ai_questions: スレ取得失敗
[2026-03-09T05:12:21.070512] liveuranus_nanj: スレ取得失敗
[2026-03-09T05:12:21.923581] jisaku_rtx: スレ取得失敗
[2026-03-09T08:01:25.907147] cg_grok: スレ取得失敗
[2026-03-09T08:01:26.332982] cg_comfyui: スレ取得失敗
[2026-03-09T08:01:26.730038] cg_ai_questions: スレ取得失敗
[2026-03-09T08:01:27.961521] liveuranus_nanj: スレ取得失敗
[2026-03-09T08:01:29.211819] jisaku_rtx: スレ取得失敗
[2026-03-09T11:10:53.372260] cg_grok: スレ取得失敗
[2026-03-09T11:10:54.301091] cg_comfyui: スレ取得失敗
[2026-03-09T11:10:55.614791] cg_ai_questions: スレ取得失敗
[2026-03-09T11:10:56.576242] liveuranus_nanj: スレ取得失敗
[2026-03-09T11:10:57.544171] jisaku_rtx: スレ取得失敗
[2026-03-09T15:13:28.228227] cg_grok: スレ取得失敗
[2026-03-09T15:13:29.227664] cg_comfyui: スレ取得失敗
[2026-03-09T15:13:29.982923] cg_ai_questions: スレ取得失敗
[2026-03-09T15:13:31.131903] liveuranus_nanj: スレ取得失敗
[2026-03-09T15:13:32.781730] jisaku_rtx: スレ取得失敗
[2026-03-09T18:08:10.956324] cg_grok: スレ取得失敗
[2026-03-09T18:08:11.347287] cg_comfyui: スレ取得失敗
[2026-03-09T18:08:14.696796] cg_ai_questions: スレ取得失敗
[2026-03-09T18:08:16.497193] liveuranus_nanj: スレ取得失敗
[2026-03-09T18:08:17.232654] jisaku_rtx: スレ取得失敗
[2026-03-09T20:01:39.311099] cg_grok: スレ取得失敗
[2026-03-09T20:01:40.463607] cg_comfyui: スレ取得失敗
[2026-03-09T20:01:40.778881] cg_ai_questions: スレ取得失敗
[2026-03-09T20:01:42.394813] liveuranus_nanj: スレ取得失敗
[2026-03-09T20:01:43.902545] jisaku_rtx: スレ取得失敗
[2026-03-09T21:58:07.761263] cg_grok: スレ取得失敗
[2026-03-09T21:58:08.599026] cg_comfyui: スレ取得失敗
[2026-03-09T21:58:08.984246] cg_ai_questions: スレ取得失敗
[2026-03-09T21:58:09.815612] liveuranus_nanj: スレ取得失敗
[2026-03-09T21:58:10.514179] jisaku_rtx: スレ取得失敗
[2026-03-09T23:00:16.277533] cg_grok: スレ取得失敗
[2026-03-09T23:00:17.017936] cg_comfyui: スレ取得失敗
[2026-03-09T23:00:17.504282] cg_ai_questions: スレ取得失敗
[2026-03-09T23:00:19.649857] liveuranus_nanj: スレ取得失敗
[2026-03-09T23:00:21.360692] jisaku_rtx: スレ取得失敗
[2026-03-10T05:01:16.187224] cg_grok: スレ取得失敗
[2026-03-10T05:01:17.479297] cg_comfyui: スレ取得失敗
[2026-03-10T05:01:18.131137] cg_ai_questions: スレ取得失敗
[2026-03-10T05:01:19.525179] liveuranus_nanj: スレ取得失敗
[2026-03-10T05:01:20.514030] jisaku_rtx: スレ取得失敗
[2026-03-10T07:56:51.505241] cg_grok: スレ取得失敗
[2026-03-10T07:56:52.118923] cg_comfyui: スレ取得失敗
[2026-03-10T07:56:52.823267] cg_ai_questions: スレ取得失敗
[2026-03-10T07:56:53.721934] liveuranus_nanj: スレ取得失敗
[2026-03-10T07:57:05.286334] jisaku_rtx: スレ取得失敗
[2026-03-10T10:07:40.571988] cg_grok: スレ取得失敗
[2026-03-10T10:07:41.562012] cg_comfyui: スレ取得失敗
[2026-03-10T10:07:42.979738] cg_ai_questions: スレ取得失敗
[2026-03-10T10:07:44.283595] liveuranus_nanj: スレ取得失敗
[2026-03-10T10:07:45.480154] jisaku_rtx: スレ取得失敗
[2026-03-10T11:59:19.669617] cg_grok: スレ取得失敗
[2026-03-10T11:59:21.031000] cg_comfyui: スレ取得失敗
[2026-03-10T11:59:21.476575] cg_ai_questions: スレ取得失敗
[2026-03-10T11:59:22.462669] liveuranus_nanj: スレ取得失敗
[2026-03-10T11:59:23.285248] jisaku_rtx: スレ取得失敗
[2026-03-10T14:36:34.597003] cg_grok: スレ取得失敗
[2026-03-10T14:36:35.037469] cg_comfyui: スレ取得失敗
[2026-03-10T14:36:35.496232] cg_ai_questions: スレ取得失敗
[2026-03-10T14:36:36.476414] liveuranus_nanj: スレ取得失敗
[2026-03-10T14:36:38.242700] jisaku_rtx: スレ取得失敗
[2026-03-10T17:35:27.014052] cg_grok: スレ取得失敗
[2026-03-10T17:35:27.559221] cg_comfyui: スレ取得失敗
[2026-03-10T17:35:27.837756] cg_ai_questions: スレ取得失敗
[2026-03-10T17:35:28.909287] liveuranus_nanj: スレ取得失敗
[2026-03-10T17:35:29.909567] jisaku_rtx: スレ取得失敗
[2026-03-10T19:54:05.207175] cg_grok: スレ取得失敗
[2026-03-10T19:54:05.761692] cg_comfyui: スレ取得失敗
[2026-03-10T19:54:06.229071] cg_ai_questions: スレ取得失敗
[2026-03-10T19:54:07.818470] liveuranus_nanj: スレ取得失敗
[2026-03-10T19:54:09.355041] jisaku_rtx: スレ取得失敗
[2026-03-10T21:02:49.570561] cg_grok: スレ取得失敗
[2026-03-10T21:02:50.734444] cg_comfyui: スレ取得失敗
[2026-03-10T21:02:51.030734] cg_ai_questions: スレ取得失敗
[2026-03-10T21:02:52.221484] liveuranus_nanj: スレ取得失敗
[2026-03-10T21:02:53.308878] jisaku_rtx: スレ取得失敗
[2026-03-10T22:57:59.977066] cg_grok: スレ取得失敗
[2026-03-10T22:58:00.978273] cg_comfyui: スレ取得失敗
[2026-03-10T22:58:02.542655] cg_ai_questions: スレ取得失敗
[2026-03-10T22:58:03.693337] liveuranus_nanj: スレ取得失敗
[2026-03-10T22:58:04.870095] jisaku_rtx: スレ取得失敗
[2026-03-10T23:53:52.182414] cg_grok: スレ取得失敗
[2026-03-10T23:53:52.562193] cg_comfyui: スレ取得失敗
[2026-03-10T23:53:52.756294] cg_ai_questions: スレ取得失敗
[2026-03-10T23:53:53.278835] liveuranus_nanj: スレ取得失敗
[2026-03-10T23:53:53.746890] jisaku_rtx: スレ取得失敗
[2026-03-11T05:02:28.769166] cg_grok: スレ取得失敗
[2026-03-11T05:02:29.281619] cg_comfyui: スレ取得失敗
[2026-03-11T05:02:29.716420] cg_ai_questions: スレ取得失敗
[2026-03-11T05:02:30.629092] liveuranus_nanj: スレ取得失敗
[2026-03-11T05:02:31.598265] jisaku_rtx: スレ取得失敗
[2026-03-11T07:57:47.153187] cg_grok: スレ取得失敗
[2026-03-11T07:57:48.497848] cg_comfyui: スレ取得失敗
[2026-03-11T07:57:48.912493] cg_ai_questions: スレ取得失敗
[2026-03-11T07:57:51.049972] liveuranus_nanj: スレ取得失敗
[2026-03-11T07:57:52.176489] jisaku_rtx: スレ取得失敗
[2026-03-11T10:08:49.969555] cg_grok: スレ取得失敗
[2026-03-11T10:08:50.585003] cg_comfyui: スレ取得失敗
[2026-03-11T10:08:51.661698] cg_ai_questions: スレ取得失敗
[2026-03-11T10:08:52.919580] liveuranus_nanj: スレ取得失敗
[2026-03-11T10:08:53.711706] jisaku_rtx: スレ取得失敗
[2026-03-11T11:59:10.607041] cg_grok: スレ取得失敗
[2026-03-11T11:59:11.725750] cg_comfyui: スレ取得失敗
[2026-03-11T11:59:12.323342] cg_ai_questions: スレ取得失敗
[2026-03-11T11:59:13.434535] liveuranus_nanj: スレ取得失敗
[2026-03-11T11:59:14.535050] jisaku_rtx: スレ取得失敗
[2026-03-11T14:43:25.607639] cg_grok: スレ取得失敗
[2026-03-11T14:43:26.179394] cg_comfyui: スレ取得失敗
[2026-03-11T14:43:26.625710] cg_ai_questions: スレ取得失敗
[2026-03-11T14:43:27.836584] liveuranus_nanj: スレ取得失敗
[2026-03-11T14:43:28.946890] jisaku_rtx: スレ取得失敗
[2026-03-11T17:38:23.273118] cg_grok: スレ取得失敗
[2026-03-11T17:38:24.772272] cg_comfyui: スレ取得失敗
[2026-03-11T17:38:25.203250] cg_ai_questions: スレ取得失敗
[2026-03-11T17:38:26.174842] liveuranus_nanj: スレ取得失敗
[2026-03-11T17:38:27.394969] jisaku_rtx: スレ取得失敗
[2026-03-11T19:53:22.276414] cg_grok: スレ取得失敗
[2026-03-11T19:53:22.750184] cg_comfyui: スレ取得失敗
[2026-03-11T19:53:23.429621] cg_ai_questions: スレ取得失敗
[2026-03-11T19:53:24.352166] liveuranus_nanj: スレ取得失敗
[2026-03-11T19:53:24.994684] jisaku_rtx: スレ取得失敗
[2026-03-11T21:02:39.112445] cg_grok: スレ取得失敗
[2026-03-11T21:02:46.906369] cg_comfyui: スレ取得失敗
[2026-03-11T21:02:47.559253] cg_ai_questions: スレ取得失敗
[2026-03-11T21:02:48.711191] liveuranus_nanj: スレ取得失敗
[2026-03-11T21:02:49.916003] jisaku_rtx: スレ取得失敗
[2026-03-11T22:53:56.144237] cg_grok: スレ取得失敗
[2026-03-11T22:53:56.833876] cg_comfyui: スレ取得失敗
[2026-03-11T22:53:57.382488] cg_ai_questions: スレ取得失敗
[2026-03-11T22:53:58.245998] liveuranus_nanj: スレ取得失敗
[2026-03-11T22:53:59.045650] jisaku_rtx: スレ取得失敗
[2026-03-11T23:53:45.570341] cg_grok: スレ取得失敗
[2026-03-11T23:53:45.979439] cg_comfyui: スレ取得失敗
[2026-03-11T23:53:46.325579] cg_ai_questions: スレ取得失敗
[2026-03-11T23:53:46.948378] liveuranus_nanj: スレ取得失敗
[2026-03-11T23:53:47.347787] jisaku_rtx: スレ取得失敗
[2026-03-12T07:59:33.739485] cg_grok: スレ取得失敗
[2026-03-12T07:59:34.210025] cg_comfyui: スレ取得失敗
[2026-03-12T07:59:34.488530] cg_ai_questions: スレ取得失敗
[2026-03-12T07:59:35.427783] liveuranus_nanj: スレ取得失敗
[2026-03-12T07:59:36.656295] jisaku_rtx: スレ取得失敗
[2026-03-12T10:09:39.633692] cg_grok: スレ取得失敗
[2026-03-12T10:09:41.144057] cg_comfyui: スレ取得失敗
[2026-03-12T10:09:41.693577] cg_ai_questions: スレ取得失敗
[2026-03-12T10:09:42.628503] liveuranus_nanj: スレ取得失敗
[2026-03-12T10:09:43.465536] jisaku_rtx: スレ取得失敗
[2026-03-12T11:53:27.286133] cg_grok: スレ取得失敗
[2026-03-12T11:53:28.335704] cg_comfyui: スレ取得失敗
[2026-03-12T11:53:28.680094] cg_ai_questions: スレ取得失敗
[2026-03-12T11:53:29.881429] liveuranus_nanj: スレ取得失敗
[2026-03-12T11:53:31.078320] jisaku_rtx: スレ取得失敗
[2026-03-12T14:37:37.330274] cg_grok: スレ取得失敗
[2026-03-12T14:37:38.775686] cg_comfyui: スレ取得失敗
[2026-03-12T14:37:39.271457] cg_ai_questions: スレ取得失敗
[2026-03-12T14:37:59.336246] liveuranus_nanj: HTTPSConnectionPool(host='r.jina.ai', port=443): Read timed out. (read timeout=20)
[2026-03-12T14:38:00.415862] jisaku_rtx: スレ取得失敗
